\BOOKMARK [0][-]{chapter.1}{Introducing TeXnicle}{}% 1
\BOOKMARK [1][-]{section.1.1}{In This Manual}{chapter.1}% 2
\BOOKMARK [1][-]{section.1.2}{Development}{chapter.1}% 3
\BOOKMARK [0][-]{chapter.2}{Installation, Setup, and Requirements}{}% 4
\BOOKMARK [0][-]{chapter.3}{User Guide}{}% 5
\BOOKMARK [1][-]{section.3.1}{Welcome Screen}{chapter.3}% 6
\BOOKMARK [1][-]{section.3.2}{Quick Start}{chapter.3}% 7
\BOOKMARK [2][-]{subsection.3.2.1}{The Toolbar}{section.3.2}% 8
\BOOKMARK [2][-]{subsection.3.2.2}{Main Editing Window}{section.3.2}% 9
\BOOKMARK [2][-]{subsection.3.2.3}{Navigators Pane}{section.3.2}% 10
\BOOKMARK [2][-]{subsection.3.2.4}{Integrated PDF Viewer}{section.3.2}% 11
\BOOKMARK [2][-]{subsection.3.2.5}{Console}{section.3.2}% 12
\BOOKMARK [2][-]{subsection.3.2.6}{Creating a New File}{section.3.2}% 13
\BOOKMARK [2][-]{subsection.3.2.7}{Creating a New Project}{section.3.2}% 14
\BOOKMARK [0][-]{chapter.4}{Reference}{}% 15
\BOOKMARK [1][-]{section.4.1}{Preferences}{chapter.4}% 16
\BOOKMARK [2][-]{subsection.4.1.1}{General}{section.4.1}% 17
\BOOKMARK [2][-]{subsection.4.1.2}{Typesetting}{section.4.1}% 18
\BOOKMARK [2][-]{subsection.4.1.3}{Fonts \046 Colors}{section.4.1}% 19
\BOOKMARK [2][-]{subsection.4.1.4}{Templates}{section.4.1}% 20
\BOOKMARK [2][-]{subsection.4.1.5}{Commands}{section.4.1}% 21
\BOOKMARK [2][-]{subsection.4.1.6}{Palette \046 Library}{section.4.1}% 22
\BOOKMARK [2][-]{subsection.4.1.7}{File Types}{section.4.1}% 23
\BOOKMARK [1][-]{section.4.2}{Engines}{chapter.4}% 24
\BOOKMARK [1][-]{section.4.3}{Spell Check}{chapter.4}% 25
\BOOKMARK [1][-]{section.4.4}{Creating Project Templates}{chapter.4}% 26
\BOOKMARK [1][-]{section.4.5}{Project Management}{chapter.4}% 27
\BOOKMARK [1][-]{section.4.6}{Clippings Library}{chapter.4}% 28
\BOOKMARK [1][-]{section.4.7}{Bookmarks and Code Folding}{chapter.4}% 29
\BOOKMARK [1][-]{section.4.8}{The Edit Menu}{chapter.4}% 30
\BOOKMARK [2][-]{subsection.4.8.1}{Paste as Image}{section.4.8}% 31
\BOOKMARK [2][-]{subsection.4.8.2}{Paste as Table}{section.4.8}% 32
\BOOKMARK [2][-]{subsection.4.8.3}{Other Edit Menu Functions}{section.4.8}% 33
\BOOKMARK [1][-]{section.4.9}{The Editor Menu}{chapter.4}% 34
\BOOKMARK [0][-]{appendix.A}{Keyboard Shortucts}{}% 35
