\BOOKMARK [0][-]{chapter.1}{Introducing TeXnicle}{}% 1
\BOOKMARK [1][-]{section.1.1}{In this manual}{chapter.1}% 2
\BOOKMARK [0][-]{chapter.2}{Installation, Setup and Requirements}{}% 3
\BOOKMARK [0][-]{chapter.3}{User Guide}{}% 4
\BOOKMARK [1][-]{section.3.1}{Welcome to TeXnicle}{chapter.3}% 5
\BOOKMARK [2][-]{subsection.3.1.1}{Quickstart}{section.3.1}% 6
\BOOKMARK [2][-]{subsection.3.1.2}{Creating a new LaTeX file}{section.3.1}% 7
\BOOKMARK [2][-]{subsection.3.1.3}{Creating a new TeXnicle project}{section.3.1}% 8
\BOOKMARK [1][-]{section.3.2}{The TeXnicle editor}{chapter.3}% 9
\BOOKMARK [1][-]{section.3.3}{The Navigators}{chapter.3}% 10
\BOOKMARK [2][-]{subsection.3.3.1}{Project Manager}{section.3.3}% 11
\BOOKMARK [2][-]{subsection.3.3.2}{Symbol Palette}{section.3.3}% 12
\BOOKMARK [2][-]{subsection.3.3.3}{Code Snippets Library}{section.3.3}% 13
\BOOKMARK [2][-]{subsection.3.3.4}{Document Outline}{section.3.3}% 14
\BOOKMARK [2][-]{subsection.3.3.5}{Project Search}{section.3.3}% 15
\BOOKMARK [2][-]{subsection.3.3.6}{Bookmarks}{section.3.3}% 16
\BOOKMARK [2][-]{subsection.3.3.7}{Spelling}{section.3.3}% 17
\BOOKMARK [2][-]{subsection.3.3.8}{Project Settings}{section.3.3}% 18
\BOOKMARK [0][-]{chapter.4}{Reference}{}% 19
\BOOKMARK [1][-]{section.4.1}{Preferences}{chapter.4}% 20
\BOOKMARK [2][-]{subsection.4.1.1}{General}{section.4.1}% 21
\BOOKMARK [2][-]{subsection.4.1.2}{Typesetting}{section.4.1}% 22
\BOOKMARK [2][-]{subsection.4.1.3}{Fonts \046 Colors}{section.4.1}% 23
\BOOKMARK [2][-]{subsection.4.1.4}{Templates}{section.4.1}% 24
\BOOKMARK [2][-]{subsection.4.1.5}{Commands}{section.4.1}% 25
\BOOKMARK [2][-]{subsection.4.1.6}{Palette \046 Library}{section.4.1}% 26
\BOOKMARK [2][-]{subsection.4.1.7}{File Types}{section.4.1}% 27
\BOOKMARK [1][-]{section.4.2}{The stand-alone LaTeX editor}{chapter.4}% 28
\BOOKMARK [1][-]{section.4.3}{Project editor}{chapter.4}% 29
\BOOKMARK [1][-]{section.4.4}{Engines}{chapter.4}% 30
\BOOKMARK [1][-]{section.4.5}{Project templates}{chapter.4}% 31
